{"/Users/vrushii/student-task-manager/app.js": {"path":"/Users/vrushii/student-task-manager/app.js","statementMap":{"0":{"start":{"line":1,"column":16},"end":{"line":1,"column":34}},"1":{"start":{"line":2,"column":13},"end":{"line":2,"column":28}},"2":{"start":{"line":3,"column":15},"end":{"line":3,"column":37}},"3":{"start":{"line":5,"column":12},"end":{"line":5,"column":21}},"4":{"start":{"line":7,"column":0},"end":{"line":7,"column":24}},"5":{"start":{"line":8,"column":0},"end":{"line":8,"column":56}},"6":{"start":{"line":10,"column":0},"end":{"line":10,"column":31}},"7":{"start":{"line":12,"column":12},"end":{"line":14,"column":1}},"8":{"start":{"line":16,"column":0},"end":{"line":18,"column":3}},"9":{"start":{"line":17,"column":2},"end":{"line":17,"column":74}},"10":{"start":{"line":20,"column":0},"end":{"line":23,"column":3}},"11":{"start":{"line":21,"column":2},"end":{"line":21,"column":55}},"12":{"start":{"line":22,"column":2},"end":{"line":22,"column":43}},"13":{"start":{"line":25,"column":0},"end":{"line":27,"column":3}},"14":{"start":{"line":26,"column":2},"end":{"line":26,"column":18}},"15":{"start":{"line":29,"column":0},"end":{"line":38,"column":3}},"16":{"start":{"line":30,"column":15},"end":{"line":34,"column":3}},"17":{"start":{"line":36,"column":2},"end":{"line":36,"column":19}},"18":{"start":{"line":37,"column":2},"end":{"line":37,"column":29}},"19":{"start":{"line":40,"column":0},"end":{"line":49,"column":3}},"20":{"start":{"line":41,"column":15},"end":{"line":41,"column":64}},"21":{"start":{"line":41,"column":31},"end":{"line":41,"column":63}},"22":{"start":{"line":43,"column":2},"end":{"line":45,"column":3}},"23":{"start":{"line":44,"column":4},"end":{"line":44,"column":63}},"24":{"start":{"line":47,"column":2},"end":{"line":47,"column":24}},"25":{"start":{"line":48,"column":2},"end":{"line":48,"column":17}},"26":{"start":{"line":51,"column":0},"end":{"line":54,"column":3}},"27":{"start":{"line":52,"column":2},"end":{"line":52,"column":62}},"28":{"start":{"line":52,"column":28},"end":{"line":52,"column":60}},"29":{"start":{"line":53,"column":2},"end":{"line":53,"column":53}},"30":{"start":{"line":56,"column":0},"end":{"line":56,"column":21}}},"fnMap":{"0":{"name":"(anonymous_0)","decl":{"start":{"line":16,"column":19},"end":{"line":16,"column":20}},"loc":{"start":{"line":16,"column":33},"end":{"line":18,"column":1}},"line":16},"1":{"name":"(anonymous_1)","decl":{"start":{"line":20,"column":20},"end":{"line":20,"column":21}},"loc":{"start":{"line":20,"column":40},"end":{"line":23,"column":1}},"line":20},"2":{"name":"(anonymous_2)","decl":{"start":{"line":25,"column":18},"end":{"line":25,"column":19}},"loc":{"start":{"line":25,"column":32},"end":{"line":27,"column":1}},"line":25},"3":{"name":"(anonymous_3)","decl":{"start":{"line":29,"column":19},"end":{"line":29,"column":20}},"loc":{"start":{"line":29,"column":33},"end":{"line":38,"column":1}},"line":29},"4":{"name":"(anonymous_4)","decl":{"start":{"line":40,"column":31},"end":{"line":40,"column":32}},"loc":{"start":{"line":40,"column":45},"end":{"line":49,"column":1}},"line":40},"5":{"name":"(anonymous_5)","decl":{"start":{"line":41,"column":26},"end":{"line":41,"column":27}},"loc":{"start":{"line":41,"column":31},"end":{"line":41,"column":63}},"line":41},"6":{"name":"(anonymous_6)","decl":{"start":{"line":51,"column":25},"end":{"line":51,"column":26}},"loc":{"start":{"line":51,"column":39},"end":{"line":54,"column":1}},"line":51},"7":{"name":"(anonymous_7)","decl":{"start":{"line":52,"column":23},"end":{"line":52,"column":24}},"loc":{"start":{"line":52,"column":28},"end":{"line":52,"column":60}},"line":52}},"branchMap":{"0":{"loc":{"start":{"line":43,"column":2},"end":{"line":45,"column":3}},"type":"if","locations":[{"start":{"line":43,"column":2},"end":{"line":45,"column":3}},{"start":{},"end":{}}],"line":43}},"s":{"0":1,"1":1,"2":1,"3":1,"4":1,"5":1,"6":1,"7":1,"8":1,"9":1,"10":1,"11":0,"12":0,"13":1,"14":1,"15":1,"16":1,"17":1,"18":1,"19":1,"20":0,"21":0,"22":0,"23":0,"24":0,"25":0,"26":1,"27":0,"28":0,"29":0,"30":1},"f":{"0":1,"1":0,"2":1,"3":1,"4":0,"5":0,"6":0,"7":0},"b":{"0":[0,0]},"_coverageSchema":"1a1c01bbd47fc00a2c39e90264f33305004495a9","hash":"7a861055bbc52fdf4c706dcc85749e57e0aaa241"}
}
